mode: set
observer/src/api/repositories/nodes_repository.go:19.87,24.66 3 0
observer/src/api/repositories/nodes_repository.go:30.2,30.23 1 0
observer/src/api/repositories/nodes_repository.go:24.66,26.3 1 0
observer/src/api/repositories/nodes_repository.go:26.8,26.23 1 0
observer/src/api/repositories/nodes_repository.go:26.23,28.3 1 0
observer/src/api/services/deployments_service.go:17.106,22.16 4 0
observer/src/api/services/deployments_service.go:26.2,26.61 1 0
observer/src/api/services/deployments_service.go:35.2,35.25 1 0
observer/src/api/services/deployments_service.go:22.16,24.3 1 0
observer/src/api/services/deployments_service.go:26.61,34.3 2 0
observer/src/api/services/nodes_service.go:17.83,22.16 4 0
observer/src/api/services/nodes_service.go:26.2,26.49 1 0
observer/src/api/services/nodes_service.go:36.2,36.19 1 0
observer/src/api/services/nodes_service.go:22.16,24.3 1 0
observer/src/api/services/nodes_service.go:26.49,35.3 2 0
observer/src/api/utils/response.go:17.103,21.85 3 1
observer/src/api/utils/response.go:21.85,23.3 1 0
observer/src/api/utils/response.go:26.99,32.2 1 1
observer/src/api/controllers/deployments_controller.go:15.117,19.16 3 0
observer/src/api/controllers/deployments_controller.go:23.2,23.89 1 0
observer/src/api/controllers/deployments_controller.go:19.16,22.3 2 0
observer/src/api/controllers/healthcheck_controller.go:14.120,20.2 2 0
observer/src/api/controllers/nodes_controller.go:15.103,19.16 3 0
observer/src/api/controllers/nodes_controller.go:23.2,23.81 1 0
observer/src/api/controllers/nodes_controller.go:19.16,22.3 2 0
observer/src/api/repositories/deployments_repository.go:19.111,23.66 3 0
observer/src/api/repositories/deployments_repository.go:29.2,29.29 1 0
observer/src/api/repositories/deployments_repository.go:23.66,25.3 1 0
observer/src/api/repositories/deployments_repository.go:25.8,25.23 1 0
observer/src/api/repositories/deployments_repository.go:25.23,27.3 1 0
observer/src/api/controllers/nodes_controller.go:15.103,19.16 3 1
observer/src/api/controllers/nodes_controller.go:23.2,23.81 1 1
observer/src/api/controllers/nodes_controller.go:19.16,22.3 2 1
observer/src/api/repositories/deployments_repository.go:19.111,23.66 3 0
observer/src/api/repositories/deployments_repository.go:29.2,29.29 1 0
observer/src/api/repositories/deployments_repository.go:23.66,25.3 1 0
observer/src/api/repositories/deployments_repository.go:25.8,25.23 1 0
observer/src/api/repositories/deployments_repository.go:25.23,27.3 1 0
observer/src/api/repositories/nodes_repository.go:19.87,24.66 3 0
observer/src/api/repositories/nodes_repository.go:30.2,30.23 1 0
observer/src/api/repositories/nodes_repository.go:24.66,26.3 1 0
observer/src/api/repositories/nodes_repository.go:26.8,26.23 1 0
observer/src/api/repositories/nodes_repository.go:26.23,28.3 1 0
observer/src/api/services/deployments_service.go:17.106,22.16 4 0
observer/src/api/services/deployments_service.go:26.2,26.61 1 0
observer/src/api/services/deployments_service.go:35.2,35.25 1 0
observer/src/api/services/deployments_service.go:22.16,24.3 1 0
observer/src/api/services/deployments_service.go:26.61,34.3 2 0
observer/src/api/services/nodes_service.go:17.83,22.16 4 0
observer/src/api/services/nodes_service.go:26.2,26.49 1 0
observer/src/api/services/nodes_service.go:36.2,36.19 1 0
observer/src/api/services/nodes_service.go:22.16,24.3 1 0
observer/src/api/services/nodes_service.go:26.49,35.3 2 0
observer/src/api/utils/response.go:17.103,21.85 3 0
observer/src/api/utils/response.go:21.85,23.3 1 0
observer/src/api/utils/response.go:26.99,32.2 1 0
observer/src/api/controllers/deployments_controller.go:15.117,19.16 3 1
observer/src/api/controllers/deployments_controller.go:23.2,23.89 1 1
observer/src/api/controllers/deployments_controller.go:19.16,22.3 2 1
observer/src/api/controllers/healthcheck_controller.go:14.120,20.2 2 1
observer/src/api/controllers/deployments_controller.go:15.117,19.16 3 0
observer/src/api/controllers/deployments_controller.go:23.2,23.89 1 0
observer/src/api/controllers/deployments_controller.go:19.16,22.3 2 0
observer/src/api/controllers/healthcheck_controller.go:14.120,20.2 2 0
observer/src/api/controllers/nodes_controller.go:15.103,19.16 3 0
observer/src/api/controllers/nodes_controller.go:23.2,23.81 1 0
observer/src/api/controllers/nodes_controller.go:19.16,22.3 2 0
observer/src/api/repositories/deployments_repository.go:19.111,23.66 3 0
observer/src/api/repositories/deployments_repository.go:29.2,29.29 1 0
observer/src/api/repositories/deployments_repository.go:23.66,25.3 1 0
observer/src/api/repositories/deployments_repository.go:25.8,25.23 1 0
observer/src/api/repositories/deployments_repository.go:25.23,27.3 1 0
observer/src/api/repositories/nodes_repository.go:19.87,24.66 3 0
observer/src/api/repositories/nodes_repository.go:30.2,30.23 1 0
observer/src/api/repositories/nodes_repository.go:24.66,26.3 1 0
observer/src/api/repositories/nodes_repository.go:26.8,26.23 1 0
observer/src/api/repositories/nodes_repository.go:26.23,28.3 1 0
observer/src/api/services/deployments_service.go:17.106,22.16 4 1
observer/src/api/services/deployments_service.go:26.2,26.61 1 1
observer/src/api/services/deployments_service.go:35.2,35.25 1 1
observer/src/api/services/deployments_service.go:22.16,24.3 1 1
observer/src/api/services/deployments_service.go:26.61,34.3 2 1
observer/src/api/services/nodes_service.go:17.83,22.16 4 1
observer/src/api/services/nodes_service.go:26.2,26.49 1 1
observer/src/api/services/nodes_service.go:36.2,36.19 1 1
observer/src/api/services/nodes_service.go:22.16,24.3 1 1
observer/src/api/services/nodes_service.go:26.49,35.3 2 1
observer/src/api/utils/response.go:17.103,21.85 3 0
observer/src/api/utils/response.go:21.85,23.3 1 0
observer/src/api/utils/response.go:26.99,32.2 1 0
